<?xml version="1.0" encoding="UTF-8"?>
<!-- Generated by org.testng.reporters.JUnitXMLReporter -->
<testsuite ignored="0" hostname="lin33001588" failures="0" tests="12" name="Test" time="34.665" errors="0" timestamp="2022-06-07T01:38:39 IST">
  <testcase classname="Demo.KiteTest1" name="KiteLoginpageTitle" time="0.011"/>
  <testcase classname="Demo.KiteTest1" name="KiteLoginpageTitle" time="0.005"/>
  <testcase classname="Demo.KiteTest1" name="KiteLoginpageTitle" time="0.006"/>
  <testcase classname="Demo.KiteTest1" name="KiteLoginpageTitle" time="0.007"/>
  <testcase classname="Demo.KiteTest1" name="KiteLoginpageTitle" time="0.005"/>
  <testcase classname="Demo.KiteTest1" name="KiteLoginpageTitle" time="0.007"/>
  <testcase classname="Demo.KiteTest1" name="KiteLoginpageTitle" time="0.007"/>
  <testcase classname="Demo.KiteTest1" name="KiteLoginpageTitle" time="0.009"/>
  <testcase classname="Demo.KiteTest1" name="KiteLoginpageTitle" time="0.006"/>
  <testcase classname="Demo.KiteTest1" name="KiteLoginpageTitle" time="0.007"/>
  <testcase classname="Demo.KiteTest1" name="forgetuserlink" time="0.051"/>
  <testcase classname="Demo.KiteTest1" name="kitelogoTest" time="0.062"/>
</testsuite> <!-- Test -->
