<?xml version="1.0" encoding="UTF-8"?>
<testng-results ignored="0" total="12" passed="12" failed="0" skipped="0">
  <reporter-output>
  </reporter-output>
  <suite started-at="2022-06-07T01:38:04 IST" name="Suite" finished-at="2022-06-07T01:38:39 IST" duration-ms="34665">
    <groups>
    </groups>
    <test started-at="2022-06-07T01:38:04 IST" name="Test" finished-at="2022-06-07T01:38:39 IST" duration-ms="34665">
      <class name="Demo.KiteTest1">
        <test-method is-config="true" signature="setup()[pri:0, instance:Demo.KiteTest1@702b8b12]" started-at="2022-06-07T01:38:04 IST" name="setup" finished-at="2022-06-07T01:38:08 IST" duration-ms="3153" status="PASS">
          <reporter-output>
          </reporter-output>
        </test-method> <!-- setup -->
        <test-method signature="KiteLoginpageTitle()[pri:0, instance:Demo.KiteTest1@702b8b12]" started-at="2022-06-07T01:38:08 IST" name="KiteLoginpageTitle" finished-at="2022-06-07T01:38:08 IST" duration-ms="11" status="PASS">
          <reporter-output>
          </reporter-output>
        </test-method> <!-- KiteLoginpageTitle -->
        <test-method is-config="true" signature="Teardown()[pri:0, instance:Demo.KiteTest1@702b8b12]" started-at="2022-06-07T01:38:08 IST" name="Teardown" finished-at="2022-06-07T01:38:08 IST" duration-ms="237" status="PASS">
          <reporter-output>
          </reporter-output>
        </test-method> <!-- Teardown -->
        <test-method is-config="true" signature="setup()[pri:0, instance:Demo.KiteTest1@702b8b12]" started-at="2022-06-07T01:38:08 IST" name="setup" finished-at="2022-06-07T01:38:10 IST" duration-ms="2520" status="PASS">
          <reporter-output>
          </reporter-output>
        </test-method> <!-- setup -->
        <test-method signature="KiteLoginpageTitle()[pri:0, instance:Demo.KiteTest1@702b8b12]" started-at="2022-06-07T01:38:10 IST" name="KiteLoginpageTitle" finished-at="2022-06-07T01:38:10 IST" duration-ms="5" status="PASS">
          <reporter-output>
          </reporter-output>
        </test-method> <!-- KiteLoginpageTitle -->
        <test-method is-config="true" signature="Teardown()[pri:0, instance:Demo.KiteTest1@702b8b12]" started-at="2022-06-07T01:38:10 IST" name="Teardown" finished-at="2022-06-07T01:38:11 IST" duration-ms="224" status="PASS">
          <reporter-output>
          </reporter-output>
        </test-method> <!-- Teardown -->
        <test-method is-config="true" signature="setup()[pri:0, instance:Demo.KiteTest1@702b8b12]" started-at="2022-06-07T01:38:11 IST" name="setup" finished-at="2022-06-07T01:38:13 IST" duration-ms="2585" status="PASS">
          <reporter-output>
          </reporter-output>
        </test-method> <!-- setup -->
        <test-method signature="KiteLoginpageTitle()[pri:0, instance:Demo.KiteTest1@702b8b12]" started-at="2022-06-07T01:38:13 IST" name="KiteLoginpageTitle" finished-at="2022-06-07T01:38:13 IST" duration-ms="6" status="PASS">
          <reporter-output>
          </reporter-output>
        </test-method> <!-- KiteLoginpageTitle -->
        <test-method is-config="true" signature="Teardown()[pri:0, instance:Demo.KiteTest1@702b8b12]" started-at="2022-06-07T01:38:13 IST" name="Teardown" finished-at="2022-06-07T01:38:13 IST" duration-ms="249" status="PASS">
          <reporter-output>
          </reporter-output>
        </test-method> <!-- Teardown -->
        <test-method is-config="true" signature="setup()[pri:0, instance:Demo.KiteTest1@702b8b12]" started-at="2022-06-07T01:38:13 IST" name="setup" finished-at="2022-06-07T01:38:16 IST" duration-ms="2817" status="PASS">
          <reporter-output>
          </reporter-output>
        </test-method> <!-- setup -->
        <test-method signature="KiteLoginpageTitle()[pri:0, instance:Demo.KiteTest1@702b8b12]" started-at="2022-06-07T01:38:16 IST" name="KiteLoginpageTitle" finished-at="2022-06-07T01:38:16 IST" duration-ms="7" status="PASS">
          <reporter-output>
          </reporter-output>
        </test-method> <!-- KiteLoginpageTitle -->
        <test-method is-config="true" signature="Teardown()[pri:0, instance:Demo.KiteTest1@702b8b12]" started-at="2022-06-07T01:38:16 IST" name="Teardown" finished-at="2022-06-07T01:38:17 IST" duration-ms="228" status="PASS">
          <reporter-output>
          </reporter-output>
        </test-method> <!-- Teardown -->
        <test-method is-config="true" signature="setup()[pri:0, instance:Demo.KiteTest1@702b8b12]" started-at="2022-06-07T01:38:17 IST" name="setup" finished-at="2022-06-07T01:38:19 IST" duration-ms="2391" status="PASS">
          <reporter-output>
          </reporter-output>
        </test-method> <!-- setup -->
        <test-method signature="KiteLoginpageTitle()[pri:0, instance:Demo.KiteTest1@702b8b12]" started-at="2022-06-07T01:38:19 IST" name="KiteLoginpageTitle" finished-at="2022-06-07T01:38:19 IST" duration-ms="5" status="PASS">
          <reporter-output>
          </reporter-output>
        </test-method> <!-- KiteLoginpageTitle -->
        <test-method is-config="true" signature="Teardown()[pri:0, instance:Demo.KiteTest1@702b8b12]" started-at="2022-06-07T01:38:19 IST" name="Teardown" finished-at="2022-06-07T01:38:19 IST" duration-ms="242" status="PASS">
          <reporter-output>
          </reporter-output>
        </test-method> <!-- Teardown -->
        <test-method is-config="true" signature="setup()[pri:0, instance:Demo.KiteTest1@702b8b12]" started-at="2022-06-07T01:38:19 IST" name="setup" finished-at="2022-06-07T01:38:22 IST" duration-ms="3208" status="PASS">
          <reporter-output>
          </reporter-output>
        </test-method> <!-- setup -->
        <test-method signature="KiteLoginpageTitle()[pri:0, instance:Demo.KiteTest1@702b8b12]" started-at="2022-06-07T01:38:22 IST" name="KiteLoginpageTitle" finished-at="2022-06-07T01:38:22 IST" duration-ms="7" status="PASS">
          <reporter-output>
          </reporter-output>
        </test-method> <!-- KiteLoginpageTitle -->
        <test-method is-config="true" signature="Teardown()[pri:0, instance:Demo.KiteTest1@702b8b12]" started-at="2022-06-07T01:38:22 IST" name="Teardown" finished-at="2022-06-07T01:38:23 IST" duration-ms="220" status="PASS">
          <reporter-output>
          </reporter-output>
        </test-method> <!-- Teardown -->
        <test-method is-config="true" signature="setup()[pri:0, instance:Demo.KiteTest1@702b8b12]" started-at="2022-06-07T01:38:23 IST" name="setup" finished-at="2022-06-07T01:38:25 IST" duration-ms="2375" status="PASS">
          <reporter-output>
          </reporter-output>
        </test-method> <!-- setup -->
        <test-method signature="KiteLoginpageTitle()[pri:0, instance:Demo.KiteTest1@702b8b12]" started-at="2022-06-07T01:38:25 IST" name="KiteLoginpageTitle" finished-at="2022-06-07T01:38:25 IST" duration-ms="7" status="PASS">
          <reporter-output>
          </reporter-output>
        </test-method> <!-- KiteLoginpageTitle -->
        <test-method is-config="true" signature="Teardown()[pri:0, instance:Demo.KiteTest1@702b8b12]" started-at="2022-06-07T01:38:25 IST" name="Teardown" finished-at="2022-06-07T01:38:25 IST" duration-ms="188" status="PASS">
          <reporter-output>
          </reporter-output>
        </test-method> <!-- Teardown -->
        <test-method is-config="true" signature="setup()[pri:0, instance:Demo.KiteTest1@702b8b12]" started-at="2022-06-07T01:38:25 IST" name="setup" finished-at="2022-06-07T01:38:28 IST" duration-ms="2645" status="PASS">
          <reporter-output>
          </reporter-output>
        </test-method> <!-- setup -->
        <test-method signature="KiteLoginpageTitle()[pri:0, instance:Demo.KiteTest1@702b8b12]" started-at="2022-06-07T01:38:28 IST" name="KiteLoginpageTitle" finished-at="2022-06-07T01:38:28 IST" duration-ms="9" status="PASS">
          <reporter-output>
          </reporter-output>
        </test-method> <!-- KiteLoginpageTitle -->
        <test-method is-config="true" signature="Teardown()[pri:0, instance:Demo.KiteTest1@702b8b12]" started-at="2022-06-07T01:38:28 IST" name="Teardown" finished-at="2022-06-07T01:38:28 IST" duration-ms="206" status="PASS">
          <reporter-output>
          </reporter-output>
        </test-method> <!-- Teardown -->
        <test-method is-config="true" signature="setup()[pri:0, instance:Demo.KiteTest1@702b8b12]" started-at="2022-06-07T01:38:28 IST" name="setup" finished-at="2022-06-07T01:38:31 IST" duration-ms="2544" status="PASS">
          <reporter-output>
          </reporter-output>
        </test-method> <!-- setup -->
        <test-method signature="KiteLoginpageTitle()[pri:0, instance:Demo.KiteTest1@702b8b12]" started-at="2022-06-07T01:38:31 IST" name="KiteLoginpageTitle" finished-at="2022-06-07T01:38:31 IST" duration-ms="6" status="PASS">
          <reporter-output>
          </reporter-output>
        </test-method> <!-- KiteLoginpageTitle -->
        <test-method is-config="true" signature="Teardown()[pri:0, instance:Demo.KiteTest1@702b8b12]" started-at="2022-06-07T01:38:31 IST" name="Teardown" finished-at="2022-06-07T01:38:31 IST" duration-ms="193" status="PASS">
          <reporter-output>
          </reporter-output>
        </test-method> <!-- Teardown -->
        <test-method is-config="true" signature="setup()[pri:0, instance:Demo.KiteTest1@702b8b12]" started-at="2022-06-07T01:38:31 IST" name="setup" finished-at="2022-06-07T01:38:33 IST" duration-ms="2570" status="PASS">
          <reporter-output>
          </reporter-output>
        </test-method> <!-- setup -->
        <test-method signature="KiteLoginpageTitle()[pri:0, instance:Demo.KiteTest1@702b8b12]" started-at="2022-06-07T01:38:33 IST" name="KiteLoginpageTitle" finished-at="2022-06-07T01:38:33 IST" duration-ms="7" status="PASS">
          <reporter-output>
          </reporter-output>
        </test-method> <!-- KiteLoginpageTitle -->
        <test-method is-config="true" signature="Teardown()[pri:0, instance:Demo.KiteTest1@702b8b12]" started-at="2022-06-07T01:38:33 IST" name="Teardown" finished-at="2022-06-07T01:38:34 IST" duration-ms="222" status="PASS">
          <reporter-output>
          </reporter-output>
        </test-method> <!-- Teardown -->
        <test-method is-config="true" signature="setup()[pri:0, instance:Demo.KiteTest1@702b8b12]" started-at="2022-06-07T01:38:34 IST" name="setup" finished-at="2022-06-07T01:38:36 IST" duration-ms="2355" status="PASS">
          <reporter-output>
          </reporter-output>
        </test-method> <!-- setup -->
        <test-method signature="forgetuserlink()[pri:0, instance:Demo.KiteTest1@702b8b12]" started-at="2022-06-07T01:38:36 IST" name="forgetuserlink" finished-at="2022-06-07T01:38:36 IST" duration-ms="51" status="PASS">
          <reporter-output>
          </reporter-output>
        </test-method> <!-- forgetuserlink -->
        <test-method is-config="true" signature="Teardown()[pri:0, instance:Demo.KiteTest1@702b8b12]" started-at="2022-06-07T01:38:36 IST" name="Teardown" finished-at="2022-06-07T01:38:36 IST" duration-ms="196" status="PASS">
          <reporter-output>
          </reporter-output>
        </test-method> <!-- Teardown -->
        <test-method is-config="true" signature="setup()[pri:0, instance:Demo.KiteTest1@702b8b12]" started-at="2022-06-07T01:38:36 IST" name="setup" finished-at="2022-06-07T01:38:39 IST" duration-ms="2666" status="PASS">
          <reporter-output>
          </reporter-output>
        </test-method> <!-- setup -->
        <test-method signature="kitelogoTest()[pri:0, instance:Demo.KiteTest1@702b8b12]" started-at="2022-06-07T01:38:39 IST" name="kitelogoTest" finished-at="2022-06-07T01:38:39 IST" duration-ms="62" status="PASS">
          <reporter-output>
          </reporter-output>
        </test-method> <!-- kitelogoTest -->
        <test-method is-config="true" signature="Teardown()[pri:0, instance:Demo.KiteTest1@702b8b12]" started-at="2022-06-07T01:38:39 IST" name="Teardown" finished-at="2022-06-07T01:38:39 IST" duration-ms="190" status="PASS">
          <reporter-output>
          </reporter-output>
        </test-method> <!-- Teardown -->
      </class> <!-- Demo.KiteTest1 -->
    </test> <!-- Test -->
  </suite> <!-- Suite -->
</testng-results>
